ChartSync_System/build/app/intermediates/manifest_merge_blame_file/release/manifest-merger-blame-release-report.txt
1<?xml version="1.0" encoding="utf-8"?>
2<manifest xmlns:android="http://schemas.android.com/apk/res/android"
3    package="com.example.floatingbubble"
4    android:versionCode="1"
5    android:versionName="1.0.0" >
6
7    <uses-sdk
8        android:minSdkVersion="21"
8-->src/main/AndroidManifest.xml
9        android:targetSdkVersion="33" />
9-->src/main/AndroidManifest.xml
10
11    <uses-permission android:name="android.permission.ACCESS_NETWORK_STATE" />
11-->[:firebase_analytics] AndroidManifest.xml:9:5-79
11-->[:firebase_analytics] AndroidManifest.xml:9:22-76
12    <uses-permission android:name="android.permission.INTERNET" />
12-->[:firebase_analytics] AndroidManifest.xml:10:5-67
12-->[:firebase_analytics] AndroidManifest.xml:10:22-64
13    <uses-permission android:name="android.permission.WAKE_LOCK" />
13-->[:firebase_analytics] AndroidManifest.xml:11:5-68
13-->[:firebase_analytics] AndroidManifest.xml:11:22-65
14
15    <queries>
15-->[:flutter_inappwebview] AndroidManifest.xml:9:5-13:15
16        <intent>
16-->[:flutter_inappwebview] AndroidManifest.xml:10:9-12:18
17            <action android:name="android.support.customtabs.action.CustomTabsService" />
17-->[:flutter_inappwebview] AndroidManifest.xml:11:13-90
17-->[:flutter_inappwebview] AndroidManifest.xml:11:21-87
18        </intent>
19    </queries>
20
21    <uses-permission android:name="com.google.android.gms.permission.AD_ID" />
21-->[com.google.android.gms:play-services-measurement-api:21.5.0] AndroidManifest.xml:25:5-79
21-->[com.google.android.gms:play-services-measurement-api:21.5.0] AndroidManifest.xml:25:22-76
22    <uses-permission android:name="android.permission.ACCESS_ADSERVICES_ATTRIBUTION" />
22-->[com.google.android.gms:play-services-measurement-api:21.5.0] AndroidManifest.xml:26:5-88
22-->[com.google.android.gms:play-services-measurement-api:21.5.0] AndroidManifest.xml:26:22-85
23    <uses-permission android:name="android.permission.ACCESS_ADSERVICES_AD_ID" />
23-->[com.google.android.gms:play-services-measurement-api:21.5.0] AndroidManifest.xml:27:5-82
23-->[com.google.android.gms:play-services-measurement-api:21.5.0] AndroidManifest.xml:27:22-79
24    <uses-permission android:name="com.google.android.finsky.permission.BIND_GET_INSTALL_REFERRER_SERVICE" />
24-->[com.google.android.gms:play-services-measurement:21.5.0] AndroidManifest.xml:26:5-110
24-->[com.google.android.gms:play-services-measurement:21.5.0] AndroidManifest.xml:26:22-107
25
26    <permission
26-->[androidx.core:core:1.9.0] AndroidManifest.xml:22:5-24:47
27        android:name="com.example.floatingbubble.DYNAMIC_RECEIVER_NOT_EXPORTED_PERMISSION"
27-->[androidx.core:core:1.9.0] AndroidManifest.xml:23:9-81
28        android:protectionLevel="signature" />
28-->[androidx.core:core:1.9.0] AndroidManifest.xml:24:9-44
29
30    <uses-permission android:name="com.example.floatingbubble.DYNAMIC_RECEIVER_NOT_EXPORTED_PERMISSION" />
30-->[androidx.core:core:1.9.0] AndroidManifest.xml:26:5-97
30-->[androidx.core:core:1.9.0] AndroidManifest.xml:26:22-94
31
32    <application
33        android:name="android.app.Application"
33-->src/main/AndroidManifest.xml:5:9-42
34        android:appComponentFactory="androidx.core.app.CoreComponentFactory"
34-->[androidx.core:core:1.9.0] AndroidManifest.xml:28:18-86
35        android:icon="@mipmap/ic_launcher"
35-->src/main/AndroidManifest.xml:6:9-43
36        android:label="floatingbubble" >
36-->src/main/AndroidManifest.xml:4:9-39
37        <activity
37-->src/main/AndroidManifest.xml:7:9-27:20
38            android:name="com.example.floatingbubble.MainActivity"
38-->src/main/AndroidManifest.xml:8:13-41
39            android:configChanges="orientation|keyboardHidden|keyboard|screenSize|smallestScreenSize|locale|layoutDirection|fontScale|screenLayout|density|uiMode"
39-->src/main/AndroidManifest.xml:12:13-163
40            android:exported="true"
40-->src/main/AndroidManifest.xml:9:13-36
41            android:hardwareAccelerated="true"
41-->src/main/AndroidManifest.xml:13:13-47
42            android:launchMode="singleTop"
42-->src/main/AndroidManifest.xml:10:13-43
43            android:theme="@style/LaunchTheme"
43-->src/main/AndroidManifest.xml:11:13-47
44            android:windowSoftInputMode="adjustResize" >
44-->src/main/AndroidManifest.xml:14:13-55
45
46            <!--
47                 Specifies an Android theme to apply to this Activity as soon as
48                 the Android process has started. This theme is visible to the user
49                 while the Flutter UI initializes. After that, this theme continues
50                 to determine the Window background behind the Flutter UI.
51            -->
52            <meta-data
52-->src/main/AndroidManifest.xml:19:13-22:17
53                android:name="io.flutter.embedding.android.NormalTheme"
53-->src/main/AndroidManifest.xml:20:15-70
54                android:resource="@style/NormalTheme" />
54-->src/main/AndroidManifest.xml:21:15-52
55
56            <intent-filter>
56-->src/main/AndroidManifest.xml:23:13-26:29
57                <action android:name="android.intent.action.MAIN" />
57-->src/main/AndroidManifest.xml:24:17-68
57-->src/main/AndroidManifest.xml:24:25-66
58
59                <category android:name="android.intent.category.LAUNCHER" />
59-->src/main/AndroidManifest.xml:25:17-76
59-->src/main/AndroidManifest.xml:25:27-74
60            </intent-filter>
61        </activity>
62        <!--
63             Don't delete the meta-data below.
64             This is used by the Flutter tool to generate GeneratedPluginRegistrant.java
65        -->
66        <meta-data
66-->src/main/AndroidManifest.xml:30:9-32:33
67            android:name="flutterEmbedding"
67-->src/main/AndroidManifest.xml:31:13-44
68            android:value="2" />
68-->src/main/AndroidManifest.xml:32:13-30
69
70        <service
70-->[:firebase_analytics] AndroidManifest.xml:14:9-18:19
71            android:name="com.google.firebase.components.ComponentDiscoveryService"
71-->[:firebase_analytics] AndroidManifest.xml:14:18-89
72            android:directBootAware="true"
72-->[com.google.firebase:firebase-common:20.4.2] AndroidManifest.xml:32:13-43
73            android:exported="false" >
73-->[com.google.android.gms:play-services-measurement-api:21.5.0] AndroidManifest.xml:36:13-37
74            <meta-data
74-->[:firebase_analytics] AndroidManifest.xml:15:13-17:85
75                android:name="com.google.firebase.components:io.flutter.plugins.firebase.analytics.FlutterFirebaseAppRegistrar"
75-->[:firebase_analytics] AndroidManifest.xml:16:17-128
76                android:value="com.google.firebase.components.ComponentRegistrar" />
76-->[:firebase_analytics] AndroidManifest.xml:17:17-82
77            <meta-data
77-->[:firebase_core] AndroidManifest.xml:11:13-13:85
78                android:name="com.google.firebase.components:io.flutter.plugins.firebase.core.FlutterFirebaseCoreRegistrar"
78-->[:firebase_core] AndroidManifest.xml:12:17-124
79                android:value="com.google.firebase.components.ComponentRegistrar" />
79-->[:firebase_core] AndroidManifest.xml:13:17-82
80            <meta-data
80-->[com.google.android.gms:play-services-measurement-api:21.5.0] AndroidManifest.xml:37:13-39:85
81                android:name="com.google.firebase.components:com.google.firebase.analytics.connector.internal.AnalyticsConnectorRegistrar"
81-->[com.google.android.gms:play-services-measurement-api:21.5.0] AndroidManifest.xml:38:17-139
82                android:value="com.google.firebase.components.ComponentRegistrar" />
82-->[com.google.android.gms:play-services-measurement-api:21.5.0] AndroidManifest.xml:39:17-82
83            <meta-data
83-->[com.google.firebase:firebase-installations:17.2.0] AndroidManifest.xml:15:13-17:85
84                android:name="com.google.firebase.components:com.google.firebase.installations.FirebaseInstallationsKtxRegistrar"
84-->[com.google.firebase:firebase-installations:17.2.0] AndroidManifest.xml:16:17-130
85                android:value="com.google.firebase.components.ComponentRegistrar" />
85-->[com.google.firebase:firebase-installations:17.2.0] AndroidManifest.xml:17:17-82
86            <meta-data
86-->[com.google.firebase:firebase-installations:17.2.0] AndroidManifest.xml:18:13-20:85
87                android:name="com.google.firebase.components:com.google.firebase.installations.FirebaseInstallationsRegistrar"
87-->[com.google.firebase:firebase-installations:17.2.0] AndroidManifest.xml:19:17-127
88                android:value="com.google.firebase.components.ComponentRegistrar" />
88-->[com.google.firebase:firebase-installations:17.2.0] AndroidManifest.xml:20:17-82
89            <meta-data
89-->[com.google.firebase:firebase-common-ktx:20.4.2] AndroidManifest.xml:12:13-14:85
90                android:name="com.google.firebase.components:com.google.firebase.ktx.FirebaseCommonLegacyRegistrar"
90-->[com.google.firebase:firebase-common-ktx:20.4.2] AndroidManifest.xml:13:17-116
91                android:value="com.google.firebase.components.ComponentRegistrar" />
91-->[com.google.firebase:firebase-common-ktx:20.4.2] AndroidManifest.xml:14:17-82
92            <meta-data
92-->[com.google.firebase:firebase-common:20.4.2] AndroidManifest.xml:35:13-37:85
93                android:name="com.google.firebase.components:com.google.firebase.FirebaseCommonKtxRegistrar"
93-->[com.google.firebase:firebase-common:20.4.2] AndroidManifest.xml:36:17-109
94                android:value="com.google.firebase.components.ComponentRegistrar" />
94-->[com.google.firebase:firebase-common:20.4.2] AndroidManifest.xml:37:17-82
95        </service>
96
97        <activity
97-->[:flutter_inappwebview] AndroidManifest.xml:16:9-20:47
98            android:name="com.pichillilorenzo.flutter_inappwebview.in_app_browser.InAppBrowserActivity"
98-->[:flutter_inappwebview] AndroidManifest.xml:17:13-104
99            android:configChanges="orientation|keyboardHidden|keyboard|screenSize|locale|layoutDirection|fontScale|screenLayout|density"
99-->[:flutter_inappwebview] AndroidManifest.xml:18:13-137
100            android:exported="false"
100-->[:flutter_inappwebview] AndroidManifest.xml:19:13-37
101            android:theme="@style/AppTheme" />
101-->[:flutter_inappwebview] AndroidManifest.xml:20:13-44
102        <activity
102-->[:flutter_inappwebview] AndroidManifest.xml:21:9-24:55
103            android:name="com.pichillilorenzo.flutter_inappwebview.chrome_custom_tabs.ChromeCustomTabsActivity"
103-->[:flutter_inappwebview] AndroidManifest.xml:22:13-112
104            android:exported="false"
104-->[:flutter_inappwebview] AndroidManifest.xml:23:13-37
105            android:theme="@style/ThemeTransparent" />
105-->[:flutter_inappwebview] AndroidManifest.xml:24:13-52
106        <activity
106-->[:flutter_inappwebview] AndroidManifest.xml:25:9-28:55
107            android:name="com.pichillilorenzo.flutter_inappwebview.chrome_custom_tabs.TrustedWebActivity"
107-->[:flutter_inappwebview] AndroidManifest.xml:26:13-106
108            android:exported="false"
108-->[:flutter_inappwebview] AndroidManifest.xml:27:13-37
109            android:theme="@style/ThemeTransparent" />
109-->[:flutter_inappwebview] AndroidManifest.xml:28:13-52
110        <activity
110-->[:flutter_inappwebview] AndroidManifest.xml:29:9-33:55
111            android:name="com.pichillilorenzo.flutter_inappwebview.chrome_custom_tabs.ChromeCustomTabsActivitySingleInstance"
111-->[:flutter_inappwebview] AndroidManifest.xml:30:13-126
112            android:exported="false"
112-->[:flutter_inappwebview] AndroidManifest.xml:31:13-37
113            android:launchMode="singleInstance"
113-->[:flutter_inappwebview] AndroidManifest.xml:32:13-48
114            android:theme="@style/ThemeTransparent" />
114-->[:flutter_inappwebview] AndroidManifest.xml:33:13-52
115        <activity
115-->[:flutter_inappwebview] AndroidManifest.xml:34:9-38:55
116            android:name="com.pichillilorenzo.flutter_inappwebview.chrome_custom_tabs.TrustedWebActivitySingleInstance"
116-->[:flutter_inappwebview] AndroidManifest.xml:35:13-120
117            android:exported="false"
117-->[:flutter_inappwebview] AndroidManifest.xml:36:13-37
118            android:launchMode="singleInstance"
118-->[:flutter_inappwebview] AndroidManifest.xml:37:13-48
119            android:theme="@style/ThemeTransparent" />
119-->[:flutter_inappwebview] AndroidManifest.xml:38:13-52
120
121        <receiver
121-->[:flutter_inappwebview] AndroidManifest.xml:40:9-43:40
122            android:name="com.pichillilorenzo.flutter_inappwebview.chrome_custom_tabs.ActionBroadcastReceiver"
122-->[:flutter_inappwebview] AndroidManifest.xml:41:13-111
123            android:enabled="true"
123-->[:flutter_inappwebview] AndroidManifest.xml:42:13-35
124            android:exported="false" />
124-->[:flutter_inappwebview] AndroidManifest.xml:43:13-37
125
126        <meta-data
126-->[:flutter_inappwebview] AndroidManifest.xml:45:9-47:36
127            android:name="io.flutter.embedded_views_preview"
127-->[:flutter_inappwebview] AndroidManifest.xml:46:13-61
128            android:value="true" />
128-->[:flutter_inappwebview] AndroidManifest.xml:47:13-33
129
130        <property
130-->[com.google.android.gms:play-services-measurement-api:21.5.0] AndroidManifest.xml:30:9-32:61
131            android:name="android.adservices.AD_SERVICES_CONFIG"
131-->[com.google.android.gms:play-services-measurement-api:21.5.0] AndroidManifest.xml:31:13-65
132            android:resource="@xml/ga_ad_services_config" />
132-->[com.google.android.gms:play-services-measurement-api:21.5.0] AndroidManifest.xml:32:13-58
133
134        <receiver
134-->[com.google.android.gms:play-services-measurement:21.5.0] AndroidManifest.xml:29:9-33:20
135            android:name="com.google.android.gms.measurement.AppMeasurementReceiver"
135-->[com.google.android.gms:play-services-measurement:21.5.0] AndroidManifest.xml:30:13-85
136            android:enabled="true"
136-->[com.google.android.gms:play-services-measurement:21.5.0] AndroidManifest.xml:31:13-35
137            android:exported="false" >
137-->[com.google.android.gms:play-services-measurement:21.5.0] AndroidManifest.xml:32:13-37
138        </receiver>
139
140        <service
140-->[com.google.android.gms:play-services-measurement:21.5.0] AndroidManifest.xml:35:9-38:40
141            android:name="com.google.android.gms.measurement.AppMeasurementService"
141-->[com.google.android.gms:play-services-measurement:21.5.0] AndroidManifest.xml:36:13-84
142            android:enabled="true"
142-->[com.google.android.gms:play-services-measurement:21.5.0] AndroidManifest.xml:37:13-35
143            android:exported="false" />
143-->[com.google.android.gms:play-services-measurement:21.5.0] AndroidManifest.xml:38:13-37
144        <service
144-->[com.google.android.gms:play-services-measurement:21.5.0] AndroidManifest.xml:39:9-43:72
145            android:name="com.google.android.gms.measurement.AppMeasurementJobService"
145-->[com.google.android.gms:play-services-measurement:21.5.0] AndroidManifest.xml:40:13-87
146            android:enabled="true"
146-->[com.google.android.gms:play-services-measurement:21.5.0] AndroidManifest.xml:41:13-35
147            android:exported="false"
147-->[com.google.android.gms:play-services-measurement:21.5.0] AndroidManifest.xml:42:13-37
148            android:permission="android.permission.BIND_JOB_SERVICE" />
148-->[com.google.android.gms:play-services-measurement:21.5.0] AndroidManifest.xml:43:13-69
149
150        <uses-library
150-->[androidx.privacysandbox.ads:ads-adservices:1.0.0-beta05] AndroidManifest.xml:23:9-25:40
151            android:name="android.ext.adservices"
151-->[androidx.privacysandbox.ads:ads-adservices:1.0.0-beta05] AndroidManifest.xml:24:13-50
152            android:required="false" />
152-->[androidx.privacysandbox.ads:ads-adservices:1.0.0-beta05] AndroidManifest.xml:25:13-37
153        <uses-library
153-->[androidx.window:window:1.0.0-beta04] AndroidManifest.xml:25:9-27:40
154            android:name="androidx.window.extensions"
154-->[androidx.window:window:1.0.0-beta04] AndroidManifest.xml:26:13-54
155            android:required="false" />
155-->[androidx.window:window:1.0.0-beta04] AndroidManifest.xml:27:13-37
156        <uses-library
156-->[androidx.window:window:1.0.0-beta04] AndroidManifest.xml:28:9-30:40
157            android:name="androidx.window.sidecar"
157-->[androidx.window:window:1.0.0-beta04] AndroidManifest.xml:29:13-51
158            android:required="false" />
158-->[androidx.window:window:1.0.0-beta04] AndroidManifest.xml:30:13-37
159
160        <provider
160-->[com.google.firebase:firebase-common:20.4.2] AndroidManifest.xml:23:9-28:39
161            android:name="com.google.firebase.provider.FirebaseInitProvider"
161-->[com.google.firebase:firebase-common:20.4.2] AndroidManifest.xml:24:13-77
162            android:authorities="com.example.floatingbubble.firebaseinitprovider"
162-->[com.google.firebase:firebase-common:20.4.2] AndroidManifest.xml:25:13-72
163            android:directBootAware="true"
163-->[com.google.firebase:firebase-common:20.4.2] AndroidManifest.xml:26:13-43
164            android:exported="false"
164-->[com.google.firebase:firebase-common:20.4.2] AndroidManifest.xml:27:13-37
165            android:initOrder="100" />
165-->[com.google.firebase:firebase-common:20.4.2] AndroidManifest.xml:28:13-36
166
167        <meta-data
167-->[com.google.android.gms:play-services-basement:18.1.0] AndroidManifest.xml:21:9-23:69
168            android:name="com.google.android.gms.version"
168-->[com.google.android.gms:play-services-basement:18.1.0] AndroidManifest.xml:22:13-58
169            android:value="@integer/google_play_services_version" />
169-->[com.google.android.gms:play-services-basement:18.1.0] AndroidManifest.xml:23:13-66
170
171        <provider
171-->[androidx.emoji2:emoji2:1.2.0] AndroidManifest.xml:24:9-32:20
172            android:name="androidx.startup.InitializationProvider"
172-->[androidx.emoji2:emoji2:1.2.0] AndroidManifest.xml:25:13-67
173            android:authorities="com.example.floatingbubble.androidx-startup"
173-->[androidx.emoji2:emoji2:1.2.0] AndroidManifest.xml:26:13-68
174            android:exported="false" >
174-->[androidx.emoji2:emoji2:1.2.0] AndroidManifest.xml:27:13-37
175            <meta-data
175-->[androidx.emoji2:emoji2:1.2.0] AndroidManifest.xml:29:13-31:52
176                android:name="androidx.emoji2.text.EmojiCompatInitializer"
176-->[androidx.emoji2:emoji2:1.2.0] AndroidManifest.xml:30:17-75
177                android:value="androidx.startup" />
177-->[androidx.emoji2:emoji2:1.2.0] AndroidManifest.xml:31:17-49
178            <meta-data
178-->[androidx.lifecycle:lifecycle-process:2.4.1] AndroidManifest.xml:31:13-33:52
179                android:name="androidx.lifecycle.ProcessLifecycleInitializer"
179-->[androidx.lifecycle:lifecycle-process:2.4.1] AndroidManifest.xml:32:17-78
180                android:value="androidx.startup" />
180-->[androidx.lifecycle:lifecycle-process:2.4.1] AndroidManifest.xml:33:17-49
181        </provider>
182    </application>
183
184</manifest>